<?xml version="1.0" encoding="utf-8"?>
<shfbBuild product="Sandcastle Help File Builder Utilities" version="1.9.3.0" projectFile="D:\CS_Projects\CommonModules\AvalonEditor\Documentation\ICSharpCode.AvalonEdit.shfbproj" started="2012-10-05 오전 11:05:31">
<buildStep step="Initializing">
</buildStep>
<buildStep step="FindingTools">
Finding tools...
Found Sandcastle tools in &#39;C:\Program Files (x86)\Sandcastle\&#39;
Searching for HTML Help 1 compiler...
Found HTML Help 1 compiler in &#39;C:\Program Files (x86)\HTML Help Workshop\&#39;
</buildStep>
<buildStep step="ValidatingDocumentationSources">
Validating and copying documentation source information
Source: D:\CS_Projects\CommonModules\AvalonEditor\ICSharpCode.AvalonEdit\ICSharpCode.AvalonEdit.csproj
    Found project &#39;D:\CS_Projects\CommonModules\AvalonEditor\ICSharpCode.AvalonEdit\ICSharpCode.AvalonEdit.csproj&#39;

Parsing project files
    Last step completed in 00:00:00.8040
</buildStep>
<buildStep step="Failed">

SHFB: Error BE0040: Project assembly does not exist: D:\CS_Projects\CommonModules\AvalonEditor\ICSharpCode.AvalonEdit\..\bin\Debug\ICSharpCode.AvalonEdit.dll

</buildStep>
</shfbBuild>
